<?xml version="1.0" encoding="UTF-8"?>
<!-- Generated by org.testng.reporters.JUnitXMLReporter -->
<testsuite hostname="Mac.local" ignored="0" name="Test-chrome" tests="1" failures="0" timestamp="02 Aug 2021 14:14:34 GMT" time="106.96" errors="0">
  <testcase name="amazon" time="65.976" classname="testCases.Testcase1"/>
</testsuite> <!-- Test-chrome -->
