<?xml version="1.0" encoding="UTF-8"?>
<!-- Generated by org.testng.reporters.JUnitXMLReporter -->
<testsuite hostname="LIN16007873" ignored="0" name="Test-firefox" tests="1" failures="0" timestamp="01 Apr 2021 15:20:07 GMT" time="56.397" errors="0">
  <testcase name="flipkart" time="41.494" classname="testCases.Testcase1"/>
</testsuite> <!-- Test-firefox -->
