<?xml version="1.0" encoding="UTF-8"?>
<!-- Generated by org.testng.reporters.JUnitXMLReporter -->
<testsuite hostname="LIN16007873" ignored="0" name="Test-firefox" tests="1" failures="0" timestamp="01 Apr 2021 05:31:44 GMT" time="18.824" errors="0">
  <testcase name="Login" time="4.81" classname="testCases.Testcase1"/>
</testsuite> <!-- Test-firefox -->
