<?xml version="1.0" encoding="UTF-8"?>
<!-- Generated by org.testng.reporters.JUnitXMLReporter -->
<testsuite hostname="Mac.local" ignored="0" name="Test-firefox" tests="2" failures="2" timestamp="02 Aug 2021 14:13:49 GMT" time="62.228" errors="0">
  <testcase name="amazon" time="41.805" classname="testCases.Testcase1">
    <failure type="java.lang.IndexOutOfBoundsException" message="Index: 19, Size: 19">
      <![CDATA[java.lang.IndexOutOfBoundsException: Index: 19, Size: 19
at java.util.ArrayList.rangeCheck(ArrayList.java:659)
at java.util.ArrayList.get(ArrayList.java:435)
at testCases.Testcase1.amazon(Testcase1.java:41)
at java.util.concurrent.FutureTask.run(FutureTask.java:266)
at java.util.concurrent.ThreadPoolExecutor.runWorker(ThreadPoolExecutor.java:1149)
at java.util.concurrent.ThreadPoolExecutor$Worker.run(ThreadPoolExecutor.java:624)
at java.lang.Thread.run(Thread.java:748)
... Removed 16 stack frames]]>
    </failure>
  </testcase> <!-- amazon -->
  <testcase name="amazon" time="62.215" classname="testCases.Testcase1">
    <failure type="java.lang.NullPointerException">
      <![CDATA[java.lang.NullPointerException
at resources.BaseTest.getScreenshotPath(BaseTest.java:71)
at testCases.Listeners.onTestFailure(Listeners.java:44)
at java.util.concurrent.FutureTask.run(FutureTask.java:266)
at java.util.concurrent.ThreadPoolExecutor.runWorker(ThreadPoolExecutor.java:1149)
at java.util.concurrent.ThreadPoolExecutor$Worker.run(ThreadPoolExecutor.java:624)
at java.lang.Thread.run(Thread.java:748)
... Removed 13 stack frames]]>
    </failure>
  </testcase> <!-- amazon -->
</testsuite> <!-- Test-firefox -->
