<?xml version="1.0" encoding="UTF-8"?>
<!-- Generated by org.testng.reporters.JUnitXMLReporter -->
<testsuite ignored="0" hostname="Mac.local" failures="0" tests="1" name="Test-chrome" time="53.989" errors="0" timestamp="01 Aug 2021 05:30:22 GMT">
  <testcase classname="testCases.Testcase1" name="flipkart" time="43.741"/>
</testsuite> <!-- Test-chrome -->
