<?xml version="1.0" encoding="UTF-8"?>
<!-- Generated by org.testng.reporters.JUnitXMLReporter -->
<testsuite hostname="Mac.local" ignored="0" name="Test-safari" tests="1" failures="0" timestamp="02 Aug 2021 14:15:05 GMT" time="137.994" errors="0">
  <testcase name="amazon" time="110.53" classname="testCases.Testcase1"/>
</testsuite> <!-- Test-safari -->
