<?xml version="1.0" encoding="UTF-8"?>
<!-- Generated by org.testng.reporters.JUnitXMLReporter -->
<testsuite hostname="LIN16007873" ignored="0" name="Test-chrome" tests="1" failures="0" timestamp="01 Apr 2021 05:31:25 GMT" time="40.281" errors="0">
  <testcase name="Login" time="6.096" classname="testCases.Testcase1"/>
</testsuite> <!-- Test-chrome -->
