<?xml version="1.0" encoding="UTF-8"?>
<!-- Generated by org.testng.reporters.JUnitReportReporter -->
<testsuite skipped="0" hostname="LIN16007873" name="testCases.Testcase1" tests="2" failures="0" timestamp="01 Apr 2021 15:07:55 GMT" time="149.337" errors="0">
  <testcase name="flipkart" time="64.880" classname="testCases.Testcase1"/>
  <testcase name="flipkart" time="84.457" classname="testCases.Testcase1"/>
</testsuite> <!-- testCases.Testcase1 -->
