<?xml version="1.0" encoding="UTF-8"?>
<!-- Generated by org.testng.reporters.JUnitReportReporter -->
<testsuite skipped="0" hostname="LIN16007873" name="testCases.Testcase1" tests="2" failures="0" timestamp="01 Apr 2021 05:31:44 GMT" time="59.063" errors="0">
  <testcase name="Login" time="40.245" classname="testCases.Testcase1"/>
  <testcase name="Login" time="18.818" classname="testCases.Testcase1"/>
</testsuite> <!-- testCases.Testcase1 -->
