<?xml version="1.0" encoding="UTF-8"?>
<!-- Generated by org.testng.reporters.JUnitReportReporter -->
<testsuite skipped="0" hostname="LIN16007873" name="testCases.Testcase1" tests="2" failures="0" timestamp="01 Apr 2021 05:42:26 GMT" time="58.912" errors="0">
  <testcase name="Login" time="27.286" classname="testCases.Testcase1"/>
  <testcase name="Login" time="31.626" classname="testCases.Testcase1"/>
</testsuite> <!-- testCases.Testcase1 -->
