<?xml version="1.0" encoding="UTF-8"?>
<!-- Generated by org.testng.reporters.JUnitReportReporter -->
<testsuite skipped="0" hostname="LIN16007873" name="testCases.Testcase1" tests="2" failures="0" timestamp="01 Apr 2021 05:52:06 GMT" time="74.778" errors="0">
  <testcase name="Login" time="30.175" classname="testCases.Testcase1"/>
  <testcase name="Login" time="44.603" classname="testCases.Testcase1"/>
</testsuite> <!-- testCases.Testcase1 -->
