<?xml version="1.0" encoding="UTF-8"?>
<!-- Generated by org.testng.reporters.JUnitReportReporter -->
<testsuite skipped="0" hostname="Mac.local" name="testCases.Testcase1" tests="2" failures="0" timestamp="02 Aug 2021 14:15:06 GMT" time="244.863" errors="0">
  <testcase name="amazon" time="137.959" classname="testCases.Testcase1"/>
  <testcase name="amazon" time="106.904" classname="testCases.Testcase1"/>
</testsuite> <!-- testCases.Testcase1 -->
