<?xml version="1.0" encoding="UTF-8"?>
<!-- Generated by org.testng.reporters.JUnitReportReporter -->
<testsuite skipped="0" hostname="LIN16007873" name="testCases.Testcase1" tests="2" failures="0" timestamp="01 Apr 2021 15:20:07 GMT" time="118.721" errors="0">
  <testcase name="flipkart" time="62.336" classname="testCases.Testcase1"/>
  <testcase name="flipkart" time="56.385" classname="testCases.Testcase1"/>
</testsuite> <!-- testCases.Testcase1 -->
